<?xml version="1.0" encoding="utf-8"?><testsuites name="pytest tests"><testsuite name="pytest" errors="0" failures="0" skipped="0" tests="21" time="0.132" timestamp="2025-10-21T10:58:09.623149-04:00" hostname="Krupas-MacBook-Pro.local"><testcase classname="__tests__.test_audit_logger.TestAuditLogger" name="test_log_user_action_success" time="0.005" /><testcase classname="__tests__.test_audit_logger.TestAuditLogger" name="test_log_user_action_with_metadata" time="0.001" /><testcase classname="__tests__.test_audit_logger.TestAuditLogger" name="test_log_user_action_error_handling" time="0.002" /><testcase classname="__tests__.test_audit_logger.TestAuditLogger" name="test_get_user_ip_address" time="0.001" /><testcase classname="__tests__.test_audit_logger.TestAuditLogger" name="test_get_user_ip_address_direct" time="0.003" /><testcase classname="__tests__.test_audit_logger.TestAuditLogger" name="test_get_user_agent_info" time="0.002" /><testcase classname="__tests__.test_audit_logger.TestAuditLogger" name="test_format_audit_log_entry" time="0.003" /><testcase classname="__tests__.test_audit_logger.TestAuditLogger" name="test_audit_log_validation" time="0.005" /><testcase classname="__tests__.test_audit_logger.TestAuditLogger" name="test_audit_log_batch_insertion" time="0.002" /><testcase classname="__tests__.test_audit_logger.TestAuditLogger" name="test_audit_log_performance_metrics" time="0.001" /><testcase classname="__tests__.test_audit_logger.TestAuditLogger" name="test_audit_log_search_and_filter" time="0.002" /><testcase classname="__tests__.test_simple_backend.TestBackendServices" name="test_data_processing_success" time="0.002" /><testcase classname="__tests__.test_simple_backend.TestBackendServices" name="test_data_processing_with_validation" time="0.002" /><testcase classname="__tests__.test_simple_backend.TestBackendServices" name="test_error_handling" time="0.002" /><testcase classname="__tests__.test_simple_backend.TestBackendServices" name="test_batch_processing" time="0.002" /><testcase classname="__tests__.test_simple_backend.TestBackendServices" name="test_performance_metrics" time="0.002" /><testcase classname="__tests__.test_simple_backend.TestBackendServices" name="test_concurrent_processing" time="0.002" /><testcase classname="__tests__.test_simple_backend.TestBackendServices" name="test_data_validation" time="0.002" /><testcase classname="__tests__.test_simple_backend.TestBackendServices" name="test_data_transformation" time="0.001" /><testcase classname="__tests__.test_simple_backend.TestBackendServices" name="test_caching_behavior" time="0.001" /><testcase classname="__tests__.test_simple_backend.TestBackendServices" name="test_audit_logging" time="0.002" /></testsuite></testsuites>